# JRE version: Java(TM) SE Runtime Environment (17.0.12+8) (build 17.0.12+8-LTS-286)
# Java VM: Java HotSpot(TM) 64-Bit Server VM (17.0.12+8-LTS-286, mixed mode, sharing, tiered, compressed oops, compressed class ptrs, g1 gc, windows-amd64)
GC Precious Log:
 CPUs: 12 total, 12 available
 Memory: 7916M
 Large Page Support: Disabled
 NUMA Support: Disabled
 Compressed Oops: Enabled (32-bit)
 Heap Region Size: 1M
 Heap Min Capacity: 8M
 Heap Initial Capacity: 124M
 Heap Max Capacity: 2G
 Pre-touch: Disabled
 Parallel Workers: 10
 Concurrent Workers: 3
 Concurrent Refinement Workers: 10
 Periodic GC: Disabled
Heap:
 garbage-first heap   total 190464K, used 102592K [0x0000000080000000, 0x0000000100000000)
  region size 1024K, 10 young (10240K), 3 survivors (3072K)
 Metaspace       used 81679K, committed 82624K, reserved 557056K
  class space    used 11257K, committed 11712K, reserved 425984K
GC Heap History (20 events):
Event: 142.408 GC heap before
{Heap before GC invocations=37 (full 0):
 garbage-first heap   total 121856K, used 103414K [0x0000000080000000, 0x0000000100000000)
  region size 1024K, 32 young (32768K), 4 survivors (4096K)
 Metaspace       used 75539K, committed 76416K, reserved 557056K
  class space    used 10462K, committed 10880K, reserved 425984K
}
Event: 142.421 GC heap after
{Heap after GC invocations=38 (full 0):
 garbage-first heap   total 121856K, used 76321K [0x0000000080000000, 0x0000000100000000)
  region size 1024K, 2 young (2048K), 2 survivors (2048K)
 Metaspace       used 75539K, committed 76416K, reserved 557056K
  class space    used 10462K, committed 10880K, reserved 425984K
}
Event: 168.277 GC heap before
{Heap before GC invocations=38 (full 0):
 garbage-first heap   total 121856K, used 103969K [0x0000000080000000, 0x0000000100000000)
  region size 1024K, 29 young (29696K), 2 survivors (2048K)
 Metaspace       used 75549K, committed 76416K, reserved 557056K
  class space    used 10463K, committed 10880K, reserved 425984K
}
Event: 168.292 GC heap after
{Heap after GC invocations=39 (full 0):
 garbage-first heap   total 121856K, used 76602K [0x0000000080000000, 0x0000000100000000)
  region size 1024K, 3 young (3072K), 3 survivors (3072K)
 Metaspace       used 75549K, committed 76416K, reserved 557056K
  class space    used 10463K, committed 10880K, reserved 425984K
}
Event: 186.899 GC heap before
{Heap before GC invocations=39 (full 0):
 garbage-first heap   total 121856K, used 103226K [0x0000000080000000, 0x0000000100000000)
  region size 1024K, 30 young (30720K), 3 survivors (3072K)
 Metaspace       used 75777K, committed 76672K, reserved 557056K
  class space    used 10463K, committed 10880K, reserved 425984K
}
Event: 186.912 GC heap after
{Heap after GC invocations=40 (full 0):
 garbage-first heap   total 121856K, used 77682K [0x0000000080000000, 0x0000000100000000)
  region size 1024K, 4 young (4096K), 4 survivors (4096K)
 Metaspace       used 75777K, committed 76672K, reserved 557056K
  class space    used 10463K, committed 10880K, reserved 425984K
}
Event: 187.729 GC heap before
{Heap before GC invocations=40 (full 0):
 garbage-first heap   total 121856K, used 90994K [0x0000000080000000, 0x0000000100000000)
  region size 1024K, 14 young (14336K), 4 survivors (4096K)
 Metaspace       used 76311K, committed 77184K, reserved 557056K
  class space    used 10547K, committed 10944K, reserved 425984K
}
Event: 187.740 GC heap after
{Heap after GC invocations=41 (full 0):
 garbage-first heap   total 121856K, used 83045K [0x0000000080000000, 0x0000000100000000)
  region size 1024K, 3 young (3072K), 3 survivors (3072K)
 Metaspace       used 76311K, committed 77184K, reserved 557056K
  class space    used 10547K, committed 10944K, reserved 425984K
}
Event: 187.764 GC heap before
{Heap before GC invocations=41 (full 0):
 garbage-first heap   total 121856K, used 87141K [0x0000000080000000, 0x0000000100000000)
  region size 1024K, 4 young (4096K), 3 survivors (3072K)
 Metaspace       used 76312K, committed 77184K, reserved 557056K
  class space    used 10547K, committed 10944K, reserved 425984K
}
Event: 187.776 GC heap after
{Heap after GC invocations=42 (full 0):
 garbage-first heap   total 121856K, used 87563K [0x0000000080000000, 0x0000000100000000)
  region size 1024K, 2 young (2048K), 2 survivors (2048K)
 Metaspace       used 76312K, committed 77184K, reserved 557056K
  class space    used 10547K, committed 10944K, reserved 425984K
}
Event: 188.564 GC heap before
{Heap before GC invocations=42 (full 0):
 garbage-first heap   total 121856K, used 102923K [0x0000000080000000, 0x0000000100000000)
  region size 1024K, 14 young (14336K), 2 survivors (2048K)
 Metaspace       used 77231K, committed 78144K, reserved 557056K
  class space    used 10663K, committed 11072K, reserved 425984K
}
Event: 188.571 GC heap after
{Heap after GC invocations=43 (full 0):
 garbage-first heap   total 121856K, used 93134K [0x0000000080000000, 0x0000000100000000)
  region size 1024K, 2 young (2048K), 2 survivors (2048K)
 Metaspace       used 77231K, committed 78144K, reserved 557056K
  class space    used 10663K, committed 11072K, reserved 425984K
}
Event: 189.212 GC heap before
{Heap before GC invocations=43 (full 0):
 garbage-first heap   total 121856K, used 102350K [0x0000000080000000, 0x0000000100000000)
  region size 1024K, 12 young (12288K), 2 survivors (2048K)
 Metaspace       used 77985K, committed 78912K, reserved 557056K
  class space    used 10770K, committed 11200K, reserved 425984K
}
Event: 189.218 GC heap after
{Heap after GC invocations=44 (full 0):
 garbage-first heap   total 121856K, used 93836K [0x0000000080000000, 0x0000000100000000)
  region size 1024K, 1 young (1024K), 1 survivors (1024K)
 Metaspace       used 77985K, committed 78912K, reserved 557056K
  class space    used 10770K, committed 11200K, reserved 425984K
}
Event: 189.784 GC heap before
{Heap before GC invocations=45 (full 0):
 garbage-first heap   total 158720K, used 101004K [0x0000000080000000, 0x0000000100000000)
  region size 1024K, 8 young (8192K), 1 survivors (1024K)
 Metaspace       used 78534K, committed 79488K, reserved 557056K
  class space    used 10840K, committed 11264K, reserved 425984K
}
Event: 189.790 GC heap after
{Heap after GC invocations=46 (full 0):
 garbage-first heap   total 158720K, used 94045K [0x0000000080000000, 0x0000000100000000)
  region size 1024K, 1 young (1024K), 1 survivors (1024K)
 Metaspace       used 78534K, committed 79488K, reserved 557056K
  class space    used 10840K, committed 11264K, reserved 425984K
}
Event: 190.345 GC heap before
{Heap before GC invocations=46 (full 0):
 garbage-first heap   total 158720K, used 100189K [0x0000000080000000, 0x0000000100000000)
  region size 1024K, 7 young (7168K), 1 survivors (1024K)
 Metaspace       used 79025K, committed 80000K, reserved 557056K
  class space    used 10911K, committed 11328K, reserved 425984K
}
Event: 190.354 GC heap after
{Heap after GC invocations=47 (full 0):
 garbage-first heap   total 190464K, used 93771K [0x0000000080000000, 0x0000000100000000)
  region size 1024K, 1 young (1024K), 1 survivors (1024K)
 Metaspace       used 79025K, committed 80000K, reserved 557056K
  class space    used 10911K, committed 11328K, reserved 425984K
}
Event: 198.205 GC heap before
{Heap before GC invocations=47 (full 0):
 garbage-first heap   total 190464K, used 145995K [0x0000000080000000, 0x0000000100000000)
  region size 1024K, 52 young (53248K), 1 survivors (1024K)
 Metaspace       used 81600K, committed 82496K, reserved 557056K
  class space    used 11256K, committed 11648K, reserved 425984K
}
Event: 198.213 GC heap after
{Heap after GC invocations=48 (full 0):
 garbage-first heap   total 190464K, used 96448K [0x0000000080000000, 0x0000000100000000)
  region size 1024K, 3 young (3072K), 3 survivors (3072K)
 Metaspace       used 81600K, committed 82496K, reserved 557056K
  class space    used 11256K, committed 11648K, reserved 425984K
}

